[1220/133835:ERROR:renderer_main.cc(226)] Running without renderer sandbox
[1220/134316:ERROR:renderer_main.cc(226)] Running without renderer sandbox
[1220/134316:ERROR:renderer_main.cc(226)] Running without renderer sandbox
[1220/134316:INFO:dhcp_proxy_script_adapter_fetcher_win.cc(264)] Error fetching PAC URL from DHCP: 2
[1220/134316:INFO:dhcp_proxy_script_adapter_fetcher_win.cc(264)] Error fetching PAC URL from DHCP: 2
[1220/134318:INFO:CONSOLE(1)] "Uncaught TypeError: Cannot call method 'appendChild' of undefined", source: v8/appCss (1)
[1220/134318:INFO:CONSOLE(0)] "event.returnValue is deprecated. Please use the standard event.preventDefault() instead.", source:  (0)
[1220/134319:ERROR:ipc_channel_win.cc(132)] pipe error: 109
[1220/134319:ERROR:ipc_channel_win.cc(132)] pipe error: 109
[1220/134326:INFO:dhcp_proxy_script_adapter_fetcher_win.cc(264)] Error fetching PAC URL from DHCP: 2
[1220/134326:INFO:dhcp_proxy_script_adapter_fetcher_win.cc(264)] Error fetching PAC URL from DHCP: 2
[1220/134335:INFO:dhcp_proxy_script_adapter_fetcher_win.cc(264)] Error fetching PAC URL from DHCP: 2
[1220/134335:INFO:dhcp_proxy_script_adapter_fetcher_win.cc(264)] Error fetching PAC URL from DHCP: 2
[1220/134337:ERROR:renderer_main.cc(226)] Running without renderer sandbox
[1220/134337:ERROR:renderer_main.cc(226)] Running without renderer sandbox
[1220/134338:ERROR:renderer_main.cc(226)] Running without renderer sandbox
[1220/134338:ERROR:renderer_main.cc(226)] Running without renderer sandbox
[1220/134338:INFO:CONSOLE(1)] "Uncaught TypeError: Cannot call method 'appendChild' of undefined", source: v8/appCss (1)
[1220/134338:INFO:CONSOLE(1)] "Uncaught TypeError: Cannot call method 'appendChild' of undefined", source: v8/appCss (1)
[1220/134338:INFO:CONSOLE(0)] "event.returnValue is deprecated. Please use the standard event.preventDefault() instead.", source:  (0)
[1220/134339:INFO:CONSOLE(0)] "event.returnValue is deprecated. Please use the standard event.preventDefault() instead.", source:  (0)
[1220/134339:INFO:CONSOLE(1)] "TypeError: Cannot call method 'css' of undefined
    at Object.EdgeDOM.zoomStage (http://127.0.0.1:54321/_DRIVE_C_EVIRD_/Users/Alex_2/Documents/GitHub/whitestormjs/edge_includes/edge.authoring.6.0.0.min.js:96:335)
    at eval (eval at <anonymous> (unknown source), <anonymous>:1:54)
    at <anonymous>:0:55", source:  (1)
[1220/134442:ERROR:renderer_main.cc(226)] Running without renderer sandbox
[1220/134442:INFO:dhcp_proxy_script_adapter_fetcher_win.cc(264)] Error fetching PAC URL from DHCP: 2
[1220/134442:INFO:dhcp_proxy_script_adapter_fetcher_win.cc(264)] Error fetching PAC URL from DHCP: 2
[1220/135020:ERROR:renderer_main.cc(226)] Running without renderer sandbox
[1220/135020:INFO:dhcp_proxy_script_adapter_fetcher_win.cc(264)] Error fetching PAC URL from DHCP: 2
[1220/135020:INFO:dhcp_proxy_script_adapter_fetcher_win.cc(264)] Error fetching PAC URL from DHCP: 2
[1220/144912:ERROR:audio_low_latency_output_win.cc(207)] Bailing out due to non-perfect timing.
